<?xml version="1.0" encoding="UTF-8"?>
<testng-results ignored="0" total="1" passed="1" failed="0" skipped="0">
  <reporter-output>
  </reporter-output>
  <suite started-at="2023-08-05T12:55:30 ICT" name="Default suite" finished-at="2023-08-05T12:56:46 ICT" duration-ms="76044">
    <groups>
    </groups>
    <test started-at="2023-08-05T12:55:30 ICT" name="Default test" finished-at="2023-08-05T12:56:46 ICT" duration-ms="76044">
      <class name="testExcel.TestExcelSignUp">
        <test-method is-config="true" signature="suiteTest()[pri:0, instance:testExcel.TestExcelSignUp@66d18979]" started-at="2023-08-05T12:55:30 ICT" name="suiteTest" finished-at="2023-08-05T12:55:41 ICT" duration-ms="10768" status="PASS">
          <reporter-output>
          </reporter-output>
        </test-method> <!-- suiteTest -->
        <test-method signature="SignTest()[pri:0, instance:testExcel.TestExcelSignUp@66d18979]" started-at="2023-08-05T12:55:41 ICT" name="SignTest" finished-at="2023-08-05T12:56:43 ICT" duration-ms="62071" status="PASS">
          <reporter-output>
          </reporter-output>
        </test-method> <!-- SignTest -->
        <test-method is-config="true" signature="suiteTearDown()[pri:0, instance:testExcel.TestExcelSignUp@66d18979]" started-at="2023-08-05T12:56:43 ICT" name="suiteTearDown" finished-at="2023-08-05T12:56:46 ICT" duration-ms="3098" status="PASS">
          <reporter-output>
          </reporter-output>
        </test-method> <!-- suiteTearDown -->
      </class> <!-- testExcel.TestExcelSignUp -->
    </test> <!-- Default test -->
  </suite> <!-- Default suite -->
</testng-results>
